<?xml version="1.0" encoding="UTF-8"?>
<testsuite xmlns:xsi="http://www.w3.org/2001/XMLSchema-instance" xsi:noNamespaceSchemaLocation="https://maven.apache.org/surefire/maven-surefire-plugin/xsd/surefire-test-report.xsd" name="logic.helpers.StringHelperTest" time="0.058" tests="3" errors="0" skipped="0" failures="0">
  <properties>
    <property name="java.specification.version" value="17"/>
    <property name="sun.cpu.isalist" value="amd64"/>
    <property name="sun.jnu.encoding" value="Cp1252"/>
    <property name="java.class.path" value="F:\Projects\fh-wedel\programming-structures-project\Project\trunk\pp_racetrack_ghazali\target\test-classes;F:\Projects\fh-wedel\programming-structures-project\Project\trunk\pp_racetrack_ghazali\target\classes;C:\Users\reza\.m2\repository\org\openjfx\javafx-controls\11.0.2\javafx-controls-11.0.2.jar;C:\Users\reza\.m2\repository\org\openjfx\javafx-graphics\11.0.2\javafx-graphics-11.0.2.jar;C:\Users\reza\.m2\repository\org\openjfx\javafx-fxml\11.0.2\javafx-fxml-11.0.2.jar;C:\Users\reza\.m2\repository\org\openjfx\javafx-base\11.0.2\javafx-base-11.0.2-win.jar;C:\Users\reza\.m2\repository\org\openjfx\javafx-graphics\11.0.2\javafx-graphics-11.0.2-win.jar;C:\Users\reza\.m2\repository\org\openjfx\javafx-base\11.0.2\javafx-base-11.0.2.jar;C:\Users\reza\.m2\repository\org\openjfx\javafx-controls\11.0.2\javafx-controls-11.0.2-win.jar;C:\Users\reza\.m2\repository\org\openjfx\javafx-fxml\11.0.2\javafx-fxml-11.0.2-win.jar;C:\Users\reza\.m2\repository\com\google\code\gson\gson\2.8.8\gson-2.8.8.jar;C:\Users\reza\.m2\repository\junit\junit\4.12\junit-4.12.jar;C:\Users\reza\.m2\repository\org\hamcrest\hamcrest-core\1.3\hamcrest-core-1.3.jar;"/>
    <property name="java.vm.vendor" value="Oracle Corporation"/>
    <property name="sun.arch.data.model" value="64"/>
    <property name="user.variant" value=""/>
    <property name="java.vendor.url" value="https://java.oracle.com/"/>
    <property name="user.timezone" value="Europe/Berlin"/>
    <property name="os.name" value="Windows 11"/>
    <property name="java.vm.specification.version" value="17"/>
    <property name="sun.java.launcher" value="SUN_STANDARD"/>
    <property name="user.country" value="DE"/>
    <property name="sun.boot.library.path" value="C:\Program Files\Java\jdk-17.0.2\bin"/>
    <property name="sun.java.command" value="C:\Users\reza\AppData\Local\Temp\surefire6759638534024113852\surefirebooter10669290779559670500.jar C:\Users\reza\AppData\Local\Temp\surefire6759638534024113852 2023-05-05T19-46-37_413-jvmRun1 surefire17490939049072102373tmp surefire_09839174097686603205tmp"/>
    <property name="jdk.debug" value="release"/>
    <property name="surefire.test.class.path" value="F:\Projects\fh-wedel\programming-structures-project\Project\trunk\pp_racetrack_ghazali\target\test-classes;F:\Projects\fh-wedel\programming-structures-project\Project\trunk\pp_racetrack_ghazali\target\classes;C:\Users\reza\.m2\repository\org\openjfx\javafx-controls\11.0.2\javafx-controls-11.0.2.jar;C:\Users\reza\.m2\repository\org\openjfx\javafx-graphics\11.0.2\javafx-graphics-11.0.2.jar;C:\Users\reza\.m2\repository\org\openjfx\javafx-fxml\11.0.2\javafx-fxml-11.0.2.jar;C:\Users\reza\.m2\repository\org\openjfx\javafx-base\11.0.2\javafx-base-11.0.2-win.jar;C:\Users\reza\.m2\repository\org\openjfx\javafx-graphics\11.0.2\javafx-graphics-11.0.2-win.jar;C:\Users\reza\.m2\repository\org\openjfx\javafx-base\11.0.2\javafx-base-11.0.2.jar;C:\Users\reza\.m2\repository\org\openjfx\javafx-controls\11.0.2\javafx-controls-11.0.2-win.jar;C:\Users\reza\.m2\repository\org\openjfx\javafx-fxml\11.0.2\javafx-fxml-11.0.2-win.jar;C:\Users\reza\.m2\repository\com\google\code\gson\gson\2.8.8\gson-2.8.8.jar;C:\Users\reza\.m2\repository\junit\junit\4.12\junit-4.12.jar;C:\Users\reza\.m2\repository\org\hamcrest\hamcrest-core\1.3\hamcrest-core-1.3.jar;"/>
    <property name="sun.cpu.endian" value="little"/>
    <property name="user.home" value="C:\Users\reza"/>
    <property name="user.language" value="de"/>
    <property name="java.specification.vendor" value="Oracle Corporation"/>
    <property name="java.version.date" value="2022-01-18"/>
    <property name="java.home" value="C:\Program Files\Java\jdk-17.0.2"/>
    <property name="file.separator" value="\"/>
    <property name="basedir" value="F:\Projects\fh-wedel\programming-structures-project\Project\trunk\pp_racetrack_ghazali"/>
    <property name="java.vm.compressedOopsMode" value="Zero based"/>
    <property name="line.separator" value="&#10;"/>
    <property name="java.vm.specification.vendor" value="Oracle Corporation"/>
    <property name="java.specification.name" value="Java Platform API Specification"/>
    <property name="surefire.real.class.path" value="C:\Users\reza\AppData\Local\Temp\surefire6759638534024113852\surefirebooter10669290779559670500.jar"/>
    <property name="user.script" value=""/>
    <property name="sun.management.compiler" value="HotSpot 64-Bit Tiered Compilers"/>
    <property name="java.runtime.version" value="17.0.2+8-LTS-86"/>
    <property name="user.name" value="reza"/>
    <property name="path.separator" value=";"/>
    <property name="os.version" value="10.0"/>
    <property name="java.runtime.name" value="Java(TM) SE Runtime Environment"/>
    <property name="file.encoding" value="Cp1252"/>
    <property name="java.vm.name" value="Java HotSpot(TM) 64-Bit Server VM"/>
    <property name="localRepository" value="C:\Users\reza\.m2\repository"/>
    <property name="java.vendor.url.bug" value="https://bugreport.java.com/bugreport/"/>
    <property name="java.io.tmpdir" value="C:\Users\reza\AppData\Local\Temp\"/>
    <property name="idea.version" value="2023.1.1"/>
    <property name="java.version" value="17.0.2"/>
    <property name="user.dir" value="F:\Projects\fh-wedel\programming-structures-project\Project\trunk\pp_racetrack_ghazali"/>
    <property name="os.arch" value="amd64"/>
    <property name="java.vm.specification.name" value="Java Virtual Machine Specification"/>
    <property name="sun.os.patch.level" value=""/>
    <property name="native.encoding" value="Cp1252"/>
    <property name="java.library.path" value="C:\Program Files\Java\jdk-17.0.2\bin;C:\WINDOWS\Sun\Java\bin;C:\WINDOWS\system32;C:\WINDOWS;C:\Program Files\Common Files\Oracle\Java\javapath;C:\Python39\Scripts\;C:\Python39\;C:\Program Files (x86)\Common Files\Oracle\Java\javapath;C:\WINDOWS\system32;C:\WINDOWS;C:\WINDOWS\System32\Wbem;C:\WINDOWS\System32\WindowsPowerShell\v1.0\;C:\WINDOWS\System32\OpenSSH\;C:\Program Files (x86)\Calibre2\;C:\Program Files (x86)\NVIDIA Corporation\PhysX\Common;C:\composer;C:\Program Files\dotnet\;C:\Program Files\Microsoft SQL Server\130\Tools\Binn\;C:\Program Files\Microsoft SQL Server\Client SDK\ODBC\170\Tools\Binn\;F:\Installed\Putty\;C:\Program Files\Docker\Docker\resources\bin;C:\ProgramData\DockerDesktop\version-bin;C:\ProgramData\chocolatey\bin;C:\Program Files\nodejs\;C:\Users\reza\Downloads\Compressed\ffmpeg-4.4-full_build\bin;F:\Installed\Polyspace\R2021a\runtime\win64;F:\Installed\Polyspace\R2021a\bin;F:\Installed\Polyspace\R2021a\polyspace\bin;C:\Program Files\NVIDIA Corporation\NVIDIA NvDLISR;C:\WINDOWS\system32;C:\WINDOWS;C:\WINDOWS\System32\Wbem;C:\WINDOWS\System32\WindowsPowerShell\v1.0\;C:\WINDOWS\System32\OpenSSH\;F:\Installed\xampp\php;F:\Installed\Microsoft VS Code\bin;C:\Program Files\Git\cmd;C:\Program Files\Java\jdk-17.0.2\bin\bin;F:\Installed\apache-maven-3.8.5\bin;F:\Installed\gradle-7.4.2\bin;C:\Program Files\TortoiseSVN\bin;C:\Program Files\Erlang OTP\bin;C:\Program Files (x86)\STMicroelectronics\STM32 ST-LINK Utility\ST-LINK Utility;C:\Program Files\PowerShell\7\;C:\Users\reza\AppData\Local\Programs\Python\Python38-32\Scripts\;C:\Users\reza\AppData\Local\Programs\Python\Python38-32\;C:\Users\reza\AppData\Local\Microsoft\WindowsApps;C:\Users\reza\AppData\Roaming\Composer\vendor\bin;F:\Installed\PyCharm 2019.2\bin;;F:\Installed\WebStorm 2020.2.1\bin;;C:\Users\reza\AppData\Roaming\npm;F:\Installed\IntelliJ IDEA 2021.1.1\bin;;F:\Installed\CLion 2021.2.3\bin;;F:\Installed\IntelliJ IDEA Community Edition 2022.1\bin;;F:\Installed\swipl\bin;C:\Program Files\Erlang OTP\bin;F:\Installed\texlive\2023\bin\windows;."/>
    <property name="java.vm.info" value="mixed mode, sharing"/>
    <property name="java.vendor" value="Oracle Corporation"/>
    <property name="java.vm.version" value="17.0.2+8-LTS-86"/>
    <property name="sun.io.unicode.encoding" value="UnicodeLittle"/>
    <property name="java.class.version" value="61.0"/>
  </properties>
  <testcase name="testIsNumeric" classname="logic.helpers.StringHelperTest" time="0.004"/>
  <testcase name="testIsNumeric_containsLetters" classname="logic.helpers.StringHelperTest" time="0"/>
  <testcase name="testIsNumeric_containsSigns" classname="logic.helpers.StringHelperTest" time="0"/>
</testsuite>